<?xml version="1.0" encoding="UTF-8"?>
<!-- Generated by org.testng.reporters.JUnitXMLReporter -->
<testsuite ignored="0" hostname="DESKTOP-DJ4FDME" failures="0" tests="3" name="Default test" time="35.452" errors="0" timestamp="2024-02-06T20:28:59 IST">
  <testcase classname="org.wipro.automation.uo.testcases.LoginScenario_DDF" name="validate_loginfunc" time="0.805"/>
  <testcase classname="org.wipro.automation.uo.testcases.LoginScenario_DDF" name="validate_loginfunc" time="0.488"/>
  <testcase classname="org.wipro.automation.uo.testcases.LoginScenario_DDF" name="validate_loginfunc" time="0.613"/>
</testsuite> <!-- Default test -->
