<?xml version="1.0" encoding="UTF-8"?>
<!-- Generated by org.testng.reporters.JUnitXMLReporter -->
<testsuite ignored="2" hostname="DESKTOP-DJ4FDME" failures="0" tests="2" name="Test" time="15.918" errors="0" timestamp="2024-01-31T20:15:00 IST">
  <testcase classname="org.xyz.automation.fb.KeyboardMouse" name="handleAlerts" time="5.69"/>
  <testcase classname="org.xyz.automation.fb.KeyboardMouse" name="handleFrames" time="10.131"/>
  <testcase classname="org.xyz.automation.fb.KeyboardMouse" name="handleMouse" time="0.0">
    <ignored/>
  </testcase> <!-- handleMouse -->
  <testcase classname="org.xyz.automation.fb.KeyboardMouse" name="handleKeyboard" time="0.0">
    <ignored/>
  </testcase> <!-- handleKeyboard -->
</testsuite> <!-- Test -->
