<?xml version="1.0" encoding="UTF-8"?>
<!-- Generated by org.testng.reporters.JUnitXMLReporter -->
<testsuite ignored="23" hostname="DESKTOP-DJ4FDME" failures="5" tests="5" name="Test(failed)" time="0.151" errors="0" timestamp="2024-01-18T20:20:21 IST">
  <testcase classname="testNGDemo.FirstTestScenario3" name="third_testcase" time="0.034">
    <failure type="java.lang.AssertionError" message="expected [Hello World] but found [Hello]">
      <![CDATA[java.lang.AssertionError: expected [Hello World] but found [Hello]
at testNGDemo.FirstTestScenario3.third_testcase(FirstTestScenario3.java:25)
at java.base/java.util.ArrayList.forEach(ArrayList.java:1511)
... Removed 33 stack frames]]>
    </failure>
  </testcase> <!-- third_testcase -->
  <testcase classname="testNGDemo.FirstTestScenario8" name="second_testcase" time="0.001">
    <failure type="java.lang.AssertionError" message="expected [Hello World] but found [Hello]">
      <![CDATA[java.lang.AssertionError: expected [Hello World] but found [Hello]
at testNGDemo.FirstTestScenario8.second_testcase(FirstTestScenario8.java:19)
at java.base/java.util.ArrayList.forEach(ArrayList.java:1511)
... Removed 33 stack frames]]>
    </failure>
  </testcase> <!-- second_testcase -->
  <testcase classname="testNGDemo.FirstTestScenario6" name="forth_testcase" time="0.001">
    <failure type="java.lang.AssertionError" message="expected [Hello World] but found [Hello]">
      <![CDATA[java.lang.AssertionError: expected [Hello World] but found [Hello]
at testNGDemo.FirstTestScenario6.forth_testcase(FirstTestScenario6.java:31)
at java.base/java.util.ArrayList.forEach(ArrayList.java:1511)
... Removed 33 stack frames]]>
    </failure>
  </testcase> <!-- forth_testcase -->
  <testcase classname="testNGDemo.FirstTestScenario6" name="sixth_testcase" time="0.002">
    <failure type="java.lang.AssertionError" message="expected [Hello World] but found [Hello]">
      <![CDATA[java.lang.AssertionError: expected [Hello World] but found [Hello]
at testNGDemo.FirstTestScenario6.sixth_testcase(FirstTestScenario6.java:44)
at java.base/java.util.ArrayList.forEach(ArrayList.java:1511)
... Removed 33 stack frames]]>
    </failure>
  </testcase> <!-- sixth_testcase -->
  <testcase classname="testNGDemo.FirstTestScenario" name="first_testcase" time="0.002">
    <failure type="java.lang.AssertionError" message="expected [Hello World] but found [Hello]">
      <![CDATA[java.lang.AssertionError: expected [Hello World] but found [Hello]
at testNGDemo.FirstTestScenario.first_testcase(FirstTestScenario.java:13)
at java.base/java.util.ArrayList.forEach(ArrayList.java:1511)
... Removed 33 stack frames]]>
    </failure>
  </testcase> <!-- first_testcase -->
  <testcase classname="testNGDemo.FirstTestScenario" name="seventh_testcase" time="0.0">
    <ignored/>
  </testcase> <!-- seventh_testcase -->
  <testcase classname="testNGDemo.FirstTestScenario3" name="forth_testcase" time="0.0">
    <ignored/>
  </testcase> <!-- forth_testcase -->
  <testcase classname="testNGDemo.FirstTestScenario8" name="sixth_testcase" time="0.0">
    <ignored/>
  </testcase> <!-- sixth_testcase -->
  <testcase classname="testNGDemo.FirstTestScenario6" name="seventh_testcase" time="0.0">
    <ignored/>
  </testcase> <!-- seventh_testcase -->
  <testcase classname="testNGDemo.FirstTestScenario8" name="forth_testcase" time="0.0">
    <ignored/>
  </testcase> <!-- forth_testcase -->
  <testcase classname="testNGDemo.FirstTestScenario" name="second_testcase" time="0.0">
    <ignored/>
  </testcase> <!-- second_testcase -->
  <testcase classname="testNGDemo.FirstTestScenario8" name="seventh_testcase" time="0.0">
    <ignored/>
  </testcase> <!-- seventh_testcase -->
  <testcase classname="testNGDemo.FirstTestScenario6" name="third_testcase" time="0.0">
    <ignored/>
  </testcase> <!-- third_testcase -->
  <testcase classname="testNGDemo.FirstTestScenario8" name="fifth_testcase" time="0.0">
    <ignored/>
  </testcase> <!-- fifth_testcase -->
  <testcase classname="testNGDemo.FirstTestScenario3" name="first_testcase" time="0.0">
    <ignored/>
  </testcase> <!-- first_testcase -->
  <testcase classname="testNGDemo.FirstTestScenario3" name="sixth_testcase" time="0.0">
    <ignored/>
  </testcase> <!-- sixth_testcase -->
  <testcase classname="testNGDemo.FirstTestScenario6" name="fifth_testcase" time="0.0">
    <ignored/>
  </testcase> <!-- fifth_testcase -->
  <testcase classname="testNGDemo.FirstTestScenario8" name="third_testcase" time="0.0">
    <ignored/>
  </testcase> <!-- third_testcase -->
  <testcase classname="testNGDemo.FirstTestScenario6" name="first_testcase" time="0.0">
    <ignored/>
  </testcase> <!-- first_testcase -->
  <testcase classname="testNGDemo.FirstTestScenario" name="forth_testcase" time="0.0">
    <ignored/>
  </testcase> <!-- forth_testcase -->
  <testcase classname="testNGDemo.FirstTestScenario3" name="second_testcase" time="0.0">
    <ignored/>
  </testcase> <!-- second_testcase -->
  <testcase classname="testNGDemo.FirstTestScenario" name="fifth_testcase" time="0.0">
    <ignored/>
  </testcase> <!-- fifth_testcase -->
  <testcase classname="testNGDemo.FirstTestScenario" name="third_testcase" time="0.0">
    <ignored/>
  </testcase> <!-- third_testcase -->
  <testcase classname="testNGDemo.FirstTestScenario" name="sixth_testcase" time="0.0">
    <ignored/>
  </testcase> <!-- sixth_testcase -->
  <testcase classname="testNGDemo.FirstTestScenario3" name="fifth_testcase" time="0.0">
    <ignored/>
  </testcase> <!-- fifth_testcase -->
  <testcase classname="testNGDemo.FirstTestScenario3" name="seventh_testcase" time="0.0">
    <ignored/>
  </testcase> <!-- seventh_testcase -->
  <testcase classname="testNGDemo.FirstTestScenario6" name="second_testcase" time="0.0">
    <ignored/>
  </testcase> <!-- second_testcase -->
  <testcase classname="testNGDemo.FirstTestScenario8" name="first_testcase" time="0.0">
    <ignored/>
  </testcase> <!-- first_testcase -->
</testsuite> <!-- Test(failed) -->
