<?xml version="1.0" encoding="UTF-8"?>
<testng-results ignored="0" total="3" passed="3" failed="0" skipped="0">
  <reporter-output>
  </reporter-output>
  <suite started-at="2024-02-06T20:28:23 IST" name="Default suite" finished-at="2024-02-06T20:28:59 IST" duration-ms="35452">
    <groups>
    </groups>
    <test started-at="2024-02-06T20:28:23 IST" name="Default test" finished-at="2024-02-06T20:28:59 IST" duration-ms="35452">
      <class name="org.wipro.automation.uo.testcases.LoginScenario_DDF">
        <test-method is-config="true" signature="launchBrowser()[pri:0, instance:org.wipro.automation.uo.testcases.LoginScenario_DDF@5824a83d]" started-at="2024-02-06T20:28:24 IST" name="launchBrowser" finished-at="2024-02-06T20:28:48 IST" duration-ms="24592" status="PASS">
          <reporter-output>
          </reporter-output>
        </test-method> <!-- launchBrowser -->
        <test-method signature="validate_loginfunc(java.lang.String,java.lang.String)[pri:0, instance:org.wipro.automation.uo.testcases.LoginScenario_DDF@5824a83d]" started-at="2024-02-06T20:28:48 IST" name="validate_loginfunc" data-provider="staticdata" finished-at="2024-02-06T20:28:49 IST" duration-ms="805" status="PASS">
          <params>
            <param index="0">
              <value>
                <![CDATA[user1]]>
              </value>
            </param>
            <param index="1">
              <value>
                <![CDATA[pass1]]>
              </value>
            </param>
          </params>
          <reporter-output>
          </reporter-output>
        </test-method> <!-- validate_loginfunc -->
        <test-method is-config="true" signature="closeBrowser()[pri:0, instance:org.wipro.automation.uo.testcases.LoginScenario_DDF@5824a83d]" started-at="2024-02-06T20:28:49 IST" name="closeBrowser" finished-at="2024-02-06T20:28:50 IST" duration-ms="359" status="PASS">
          <reporter-output>
          </reporter-output>
        </test-method> <!-- closeBrowser -->
        <test-method is-config="true" signature="launchBrowser()[pri:0, instance:org.wipro.automation.uo.testcases.LoginScenario_DDF@5824a83d]" started-at="2024-02-06T20:28:50 IST" name="launchBrowser" finished-at="2024-02-06T20:28:53 IST" duration-ms="3609" status="PASS">
          <reporter-output>
          </reporter-output>
        </test-method> <!-- launchBrowser -->
        <test-method signature="validate_loginfunc(java.lang.String,java.lang.String)[pri:0, instance:org.wipro.automation.uo.testcases.LoginScenario_DDF@5824a83d]" started-at="2024-02-06T20:28:53 IST" name="validate_loginfunc" data-provider="staticdata" finished-at="2024-02-06T20:28:54 IST" duration-ms="488" status="PASS">
          <params>
            <param index="0">
              <value>
                <![CDATA[user2]]>
              </value>
            </param>
            <param index="1">
              <value>
                <![CDATA[pass2]]>
              </value>
            </param>
          </params>
          <reporter-output>
          </reporter-output>
        </test-method> <!-- validate_loginfunc -->
        <test-method is-config="true" signature="closeBrowser()[pri:0, instance:org.wipro.automation.uo.testcases.LoginScenario_DDF@5824a83d]" started-at="2024-02-06T20:28:54 IST" name="closeBrowser" finished-at="2024-02-06T20:28:54 IST" duration-ms="267" status="PASS">
          <reporter-output>
          </reporter-output>
        </test-method> <!-- closeBrowser -->
        <test-method is-config="true" signature="launchBrowser()[pri:0, instance:org.wipro.automation.uo.testcases.LoginScenario_DDF@5824a83d]" started-at="2024-02-06T20:28:54 IST" name="launchBrowser" finished-at="2024-02-06T20:28:58 IST" duration-ms="3651" status="PASS">
          <reporter-output>
          </reporter-output>
        </test-method> <!-- launchBrowser -->
        <test-method signature="validate_loginfunc(java.lang.String,java.lang.String)[pri:0, instance:org.wipro.automation.uo.testcases.LoginScenario_DDF@5824a83d]" started-at="2024-02-06T20:28:58 IST" name="validate_loginfunc" data-provider="staticdata" finished-at="2024-02-06T20:28:58 IST" duration-ms="613" status="PASS">
          <params>
            <param index="0">
              <value>
                <![CDATA[user3]]>
              </value>
            </param>
            <param index="1">
              <value>
                <![CDATA[pass3]]>
              </value>
            </param>
          </params>
          <reporter-output>
          </reporter-output>
        </test-method> <!-- validate_loginfunc -->
        <test-method is-config="true" signature="closeBrowser()[pri:0, instance:org.wipro.automation.uo.testcases.LoginScenario_DDF@5824a83d]" started-at="2024-02-06T20:28:58 IST" name="closeBrowser" finished-at="2024-02-06T20:28:59 IST" duration-ms="333" status="PASS">
          <reporter-output>
          </reporter-output>
        </test-method> <!-- closeBrowser -->
      </class> <!-- org.wipro.automation.uo.testcases.LoginScenario_DDF -->
    </test> <!-- Default test -->
  </suite> <!-- Default suite -->
</testng-results>
