<?xml version="1.0" encoding="UTF-8"?>
<testng-results ignored="0" total="1" passed="1" failed="0" skipped="0">
  <reporter-output>
  </reporter-output>
  <suite started-at="2024-02-06T20:58:11 IST" name="Default suite" finished-at="2024-02-06T20:59:03 IST" duration-ms="51830">
    <groups>
    </groups>
    <test started-at="2024-02-06T20:58:11 IST" name="Default test" finished-at="2024-02-06T20:59:03 IST" duration-ms="51830">
      <class name="org.wipro.automation.uo.testcases.MainMenuSignIn">
        <test-method is-config="true" signature="launchBrowser()[pri:0, instance:org.wipro.automation.uo.testcases.MainMenuSignIn@5824a83d]" started-at="2024-02-06T20:58:12 IST" name="launchBrowser" finished-at="2024-02-06T20:58:23 IST" duration-ms="11425" status="PASS">
          <reporter-output>
          </reporter-output>
        </test-method> <!-- launchBrowser -->
        <test-method signature="validate_mainMenuSign()[pri:0, instance:org.wipro.automation.uo.testcases.MainMenuSignIn@5824a83d]" started-at="2024-02-06T20:58:23 IST" name="validate_mainMenuSign" finished-at="2024-02-06T20:58:57 IST" duration-ms="33979" status="PASS">
          <reporter-output>
          </reporter-output>
        </test-method> <!-- validate_mainMenuSign -->
        <test-method is-config="true" signature="closeBrowser()[pri:0, instance:org.wipro.automation.uo.testcases.MainMenuSignIn@5824a83d]" started-at="2024-02-06T20:58:57 IST" name="closeBrowser" finished-at="2024-02-06T20:59:03 IST" duration-ms="6272" status="PASS">
          <reporter-output>
          </reporter-output>
        </test-method> <!-- closeBrowser -->
      </class> <!-- org.wipro.automation.uo.testcases.MainMenuSignIn -->
    </test> <!-- Default test -->
  </suite> <!-- Default suite -->
</testng-results>
